Using pre-set license
Built from '2020.3/staging' branch; Version is '2020.3.23f1 (c5d91304a876) revision 12966163'; Using compiler version '192528614'; Build Type 'Release'
OS: 'Windows 10 Home Single Language; OS build 19043.1348; Version 2009; 64bit' Language: 'en' Physical Memory: 3978 MB
BatchMode: 1, IsHumanControllingUs: 0, StartBugReporterOnCrash: 0, Is64bit: 1, IsPro: 0

COMMAND LINE ARGUMENTS:
C:\Program Files\Unity 2020.3.23f1\Editor\Unity.exe
-adb2
-batchMode
-noUpm
-name
AssetImportWorker0
-projectPath
C:/Users/User/Desktop/CS222/Ag_lab1/Ag-lab1
-logFile
Logs/AssetImportWorker0.log
-srvPort
57331
Successfully changed project path to: C:/Users/User/Desktop/CS222/Ag_lab1/Ag-lab1
C:/Users/User/Desktop/CS222/Ag_lab1/Ag-lab1
Using Asset Import Pipeline V2.
Refreshing native plugins compatible for Editor in 53.68 ms, found 2 plugins.
Preloading 0 native plugins for Editor in 0.00 ms.
Initialize engine version: 2020.3.23f1 (c5d91304a876)
[Subsystems] Discovering subsystems at path C:/Program Files/Unity 2020.3.23f1/Editor/Data/Resources/UnitySubsystems
[Subsystems] Discovering subsystems at path C:/Users/User/Desktop/CS222/Ag_lab1/Ag-lab1/Assets
GfxDevice: creating device client; threaded=0
Direct3D:
    Version:  Direct3D 11.0 [level 11.1]
    Renderer: Intel(R) HD Graphics 610 (ID=0x5906)
    Vendor:   
    VRAM:     1989 MB
    Driver:   26.20.100.7372
Initialize mono
Mono path[0] = 'C:/Program Files/Unity 2020.3.23f1/Editor/Data/Managed'
Mono path[1] = 'C:/Program Files/Unity 2020.3.23f1/Editor/Data/MonoBleedingEdge/lib/mono/unityjit'
Mono config path = 'C:/Program Files/Unity 2020.3.23f1/Editor/Data/MonoBleedingEdge/etc'
Using monoOptions --debugger-agent=transport=dt_socket,embedding=1,server=y,suspend=n,address=127.0.0.1:56968
Begin MonoManager ReloadAssembly
Registering precompiled unity dll's ...
Register platform support module: C:/Program Files/Unity 2020.3.23f1/Editor/Data/PlaybackEngines/WebGLSupport/UnityEditor.WebGL.Extensions.dll
Register platform support module: C:/Program Files/Unity 2020.3.23f1/Editor/Data/PlaybackEngines/MacStandaloneSupport/UnityEditor.OSXStandalone.Extensions.dll
Register platform support module: C:/Program Files/Unity 2020.3.23f1/Editor/Data/PlaybackEngines/WindowsStandaloneSupport/UnityEditor.WindowsStandalone.Extensions.dll
Register platform support module: C:/Program Files/Unity 2020.3.23f1/Editor/Data/PlaybackEngines/LinuxStandaloneSupport/UnityEditor.LinuxStandalone.Extensions.dll
Register platform support module: C:/Program Files/Unity 2020.3.23f1/Editor/Data/PlaybackEngines/LuminSupport/UnityEditor.Lumin.Extensions.dll
Registered in 0.006422 seconds.
Native extension for Lumin target not found
Native extension for LinuxStandalone target not found
Native extension for WindowsStandalone target not found
Native extension for OSXStandalone target not found
Native extension for WebGL target not found
Refreshing native plugins compatible for Editor in 70.44 ms, found 2 plugins.
Preloading 0 native plugins for Editor in 0.00 ms.
Mono: successfully reloaded assembly
- Completed reload, in  1.172 seconds
Domain Reload Profiling:
	ReloadAssembly (1173ms)
		BeginReloadAssembly (100ms)
			ExecutionOrderSort (0ms)
			DisableScriptedObjects (0ms)
			BackupInstance (0ms)
			ReleaseScriptingObjects (0ms)
			CreateAndSetChildDomain (1ms)
		EndReloadAssembly (944ms)
			LoadAssemblies (98ms)
			RebuildTransferFunctionScriptingTraits (0ms)
			SetupTypeCache (312ms)
			ReleaseScriptCaches (0ms)
			RebuildScriptCaches (72ms)
			SetupLoadedEditorAssemblies (332ms)
				LogAssemblyErrors (0ms)
				InitializePlatformSupportModulesInManaged (17ms)
				SetLoadedEditorAssemblies (1ms)
				RefreshPlugins (71ms)
				BeforeProcessingInitializeOnLoad (31ms)
				ProcessInitializeOnLoadAttributes (159ms)
				ProcessInitializeOnLoadMethodAttributes (53ms)
				AfterProcessingInitializeOnLoad (0ms)
				EditorAssembliesLoaded (0ms)
			ExecutionOrderSort2 (0ms)
			AwakeInstancesAfterBackupRestoration (0ms)
Platform modules already initialized, skipping
Registering precompiled user dll's ...
Registered in 0.031724 seconds.
Begin MonoManager ReloadAssembly
Native extension for Lumin target not found
Native extension for LinuxStandalone target not found
Native extension for WindowsStandalone target not found
Native extension for OSXStandalone target not found
Native extension for WebGL target not found
Refreshing native plugins compatible for Editor in 0.68 ms, found 2 plugins.
Preloading 0 native plugins for Editor in 0.00 ms.
Mono: successfully reloaded assembly
- Completed reload, in  1.957 seconds
Domain Reload Profiling:
	ReloadAssembly (1958ms)
		BeginReloadAssembly (258ms)
			ExecutionOrderSort (0ms)
			DisableScriptedObjects (7ms)
			BackupInstance (0ms)
			ReleaseScriptingObjects (0ms)
			CreateAndSetChildDomain (30ms)
		EndReloadAssembly (1567ms)
			LoadAssemblies (177ms)
			RebuildTransferFunctionScriptingTraits (0ms)
			SetupTypeCache (530ms)
			ReleaseScriptCaches (0ms)
			RebuildScriptCaches (69ms)
			SetupLoadedEditorAssemblies (616ms)
				LogAssemblyErrors (0ms)
				InitializePlatformSupportModulesInManaged (18ms)
				SetLoadedEditorAssemblies (1ms)
				RefreshPlugins (1ms)
				BeforeProcessingInitializeOnLoad (195ms)
				ProcessInitializeOnLoadAttributes (376ms)
				ProcessInitializeOnLoadMethodAttributes (14ms)
				AfterProcessingInitializeOnLoad (10ms)
				EditorAssembliesLoaded (0ms)
			ExecutionOrderSort2 (0ms)
			AwakeInstancesAfterBackupRestoration (12ms)
Platform modules already initialized, skipping
========================================================================
Worker process is ready to serve import requests
Launched and connected shader compiler UnityShaderCompiler.exe after 0.17 seconds
Refreshing native plugins compatible for Editor in 0.47 ms, found 2 plugins.
Preloading 0 native plugins for Editor in 0.00 ms.
Unloading 1506 Unused Serialized files (Serialized files now loaded: 0)
System memory in use before: 67.6 MB.
System memory in use after: 67.7 MB.

Unloading 19 unused Assets to reduce memory usage. Loaded Objects now: 1938.
Total: 4.437700 ms (FindLiveObjects: 0.242100 ms CreateObjectMapping: 0.088100 ms MarkObjects: 3.998500 ms  DeleteObjects: 0.107100 ms)

AssetImportParameters requested are different than current active one (requested -> active):
  custom:framework-win-MediaFoundation: 216162199b28c13a410421893ffa2e32 -> 
  custom:video-decoder-ogg-theora: a1e56fd34408186e4bbccfd4996cb3dc -> 
  custom:container-muxer-webm: aa71ff27fc2769a1b78a27578f13a17b -> 
  custom:container-demuxer-webm: 4f35f7cbe854078d1ac9338744f61a02 -> 
  custom:container-demuxer-ogg: 62fdf1f143b41e24485cea50d1cbac27 -> 
  custom:video-encoder-webm-vp8: eb34c28f22e8b96e1ab97ce403110664 -> 
  custom:video-decoder-webm-vp8: 9c59270c3fd7afecdb556c50c9e8de78 -> 
  custom:audio-decoder-ogg-vorbis: bf7c407c2cedff20999df2af8eb42d56 -> 
  custom:audio-encoder-webm-vorbis: bf7c407c2cedff20999df2af8eb42d56 -> 
========================================================================
Received Import Request.
  path: Assets/Materials
  artifactKey: Guid(fbdf1be795b2a2f419a89b8af95e5958) Importer(815301076,1909f56bfc062723c751e8b465ee728b)
Start importing Assets/Materials using Guid(fbdf1be795b2a2f419a89b8af95e5958) Importer(815301076,1909f56bfc062723c751e8b465ee728b)  -> (artifact id: '50b0bc072f7a604c8a982e32ef8f1113') in 0.020191 seconds 
  Import took 0.025573 seconds .

========================================================================
Received Import Request.
  Time since last request: 45.009347 seconds.
  path: Assets/Textures
  artifactKey: Guid(b5c337cdf59a7f54386f28a442d778ff) Importer(815301076,1909f56bfc062723c751e8b465ee728b)
Start importing Assets/Textures using Guid(b5c337cdf59a7f54386f28a442d778ff) Importer(815301076,1909f56bfc062723c751e8b465ee728b)  -> (artifact id: 'c7e366beaf43210419f4f02b74ff66a5') in 0.036128 seconds 
  Import took 0.043201 seconds .

========================================================================
Received Import Request.
  Time since last request: 0.010261 seconds.
  path: Assets/Textures/Checker.png
  artifactKey: Guid(8722a34905f488749bd277e9c485c895) Importer(815301076,1909f56bfc062723c751e8b465ee728b)
Start importing Assets/Textures/Checker.png using Guid(8722a34905f488749bd277e9c485c895) Importer(815301076,1909f56bfc062723c751e8b465ee728b)  -> (artifact id: '36c3646bfb3e2870a2ceb3a92e0a53d1') in 0.309023 seconds 
  Import took 0.315190 seconds .

========================================================================
Received Import Request.
  Time since last request: 0.000335 seconds.
  path: Assets/Textures/White Square.png
  artifactKey: Guid(4ddeb52d7523a244f9d9b2d6b90fde5d) Importer(815301076,1909f56bfc062723c751e8b465ee728b)
Start importing Assets/Textures/White Square.png using Guid(4ddeb52d7523a244f9d9b2d6b90fde5d) Importer(815301076,1909f56bfc062723c751e8b465ee728b)  -> (artifact id: '88c1d643c83784673b2d1a9f7d01ab0b') in 0.045026 seconds 
  Import took 0.055343 seconds .

========================================================================
Received Import Request.
  Time since last request: 0.001803 seconds.
  path: Assets/Textures/Damaged Square.png
  artifactKey: Guid(7f3c85a8599f24541adcc3226576dbf1) Importer(815301076,1909f56bfc062723c751e8b465ee728b)
Start importing Assets/Textures/Damaged Square.png using Guid(7f3c85a8599f24541adcc3226576dbf1) Importer(815301076,1909f56bfc062723c751e8b465ee728b)  -> (artifact id: '76c8698fb73027776ecb1d2272db9eb9') in 0.049267 seconds 
  Import took 0.064900 seconds .

========================================================================
Received Import Request.
  Time since last request: 88.678941 seconds.
  path: Assets/Materials/Block.mat
  artifactKey: Guid(7fab5d6ef25ea5c4e8c7e7313567dc6a) Importer(815301076,1909f56bfc062723c751e8b465ee728b)
Start importing Assets/Materials/Block.mat using Guid(7fab5d6ef25ea5c4e8c7e7313567dc6a) Importer(815301076,1909f56bfc062723c751e8b465ee728b)  -> (artifact id: '9d2126eeede818e7371b8c358d04b5bf') in 0.192334 seconds 
  Import took 0.197099 seconds .

========================================================================
Received Import Request.
  Time since last request: 0.000287 seconds.
  path: Assets/Materials/Floor.mat
  artifactKey: Guid(d9c1b4c536ef29045ba107e48b1dc54e) Importer(815301076,1909f56bfc062723c751e8b465ee728b)
Start importing Assets/Materials/Floor.mat using Guid(d9c1b4c536ef29045ba107e48b1dc54e) Importer(815301076,1909f56bfc062723c751e8b465ee728b)  -> (artifact id: '6ea64cb6022657ea704d3c6cd88125e5') in 0.069559 seconds 
  Import took 0.074266 seconds .

========================================================================
Received Import Request.
  Time since last request: 0.000339 seconds.
  path: Assets/Materials/Projectile.mat
  artifactKey: Guid(63fe948de733e7b499cdd58a7a0e17da) Importer(815301076,1909f56bfc062723c751e8b465ee728b)
Start importing Assets/Materials/Projectile.mat using Guid(63fe948de733e7b499cdd58a7a0e17da) Importer(815301076,1909f56bfc062723c751e8b465ee728b)  -> (artifact id: '2bd78b54c60aa2d078df9c33b3d275d5') in 0.521605 seconds 
  Import took 0.525621 seconds .

========================================================================
Received Import Request.
  Time since last request: 0.000326 seconds.
  path: Assets/Prefabs/Robot.prefab
  artifactKey: Guid(2928bcc1ecabce74fbaafdf6f3891bb7) Importer(815301076,1909f56bfc062723c751e8b465ee728b)
Start importing Assets/Prefabs/Robot.prefab using Guid(2928bcc1ecabce74fbaafdf6f3891bb7) Importer(815301076,1909f56bfc062723c751e8b465ee728b)  -> (artifact id: '572b6b2cbc5336fa75e7987947be271a') in 0.093914 seconds 
  Import took 0.100162 seconds .

========================================================================
Received Import Request.
  Time since last request: 0.000344 seconds.
  path: Assets/Prefabs/Block.prefab
  artifactKey: Guid(14eab43a4dbcbac48b2aa122eca392aa) Importer(815301076,1909f56bfc062723c751e8b465ee728b)
Start importing Assets/Prefabs/Block.prefab using Guid(14eab43a4dbcbac48b2aa122eca392aa) Importer(815301076,1909f56bfc062723c751e8b465ee728b)  -> (artifact id: '964ac546869396b7083564a9c795ad09') in 0.052289 seconds 
  Import took 0.062185 seconds .

========================================================================
Received Import Request.
  Time since last request: 0.001220 seconds.
  path: Assets/Prefabs/Robot Wrecked.prefab
  artifactKey: Guid(9c26a79b6cdbe634b937cdf99831244f) Importer(815301076,1909f56bfc062723c751e8b465ee728b)
Start importing Assets/Prefabs/Robot Wrecked.prefab using Guid(9c26a79b6cdbe634b937cdf99831244f) Importer(815301076,1909f56bfc062723c751e8b465ee728b)  -> (artifact id: '2f6239c63f86006c53ee9dc9af1127ec') in 0.061663 seconds 
  Import took 0.066954 seconds .

========================================================================
Received Import Request.
  Time since last request: 0.000323 seconds.
  path: Assets/Prefabs/Explosion.prefab
  artifactKey: Guid(c0df82697f6c294458997cefcfd68250) Importer(815301076,1909f56bfc062723c751e8b465ee728b)
Start importing Assets/Prefabs/Explosion.prefab using Guid(c0df82697f6c294458997cefcfd68250) Importer(815301076,1909f56bfc062723c751e8b465ee728b)  -> (artifact id: '4101742b10e97d02d2596557e092f322') in 0.246680 seconds 
  Import took 0.252575 seconds .

========================================================================
Received Import Request.
  Time since last request: 0.000417 seconds.
  path: Assets/Prefabs/Projectile.prefab
  artifactKey: Guid(4fcad48aac3fb964795ed8b4d871e188) Importer(815301076,1909f56bfc062723c751e8b465ee728b)
Start importing Assets/Prefabs/Projectile.prefab using Guid(4fcad48aac3fb964795ed8b4d871e188) Importer(815301076,1909f56bfc062723c751e8b465ee728b)  -> (artifact id: '9885dea82510d4d242aa23c1df2c8404') in 0.083069 seconds 
  Import took 0.088955 seconds .

========================================================================
Received Import Request.
  Time since last request: 0.000410 seconds.
  path: Assets/Prefabs/Turret.prefab
  artifactKey: Guid(8e099f0dcf5affe468105faa2a26a668) Importer(815301076,1909f56bfc062723c751e8b465ee728b)
Start importing Assets/Prefabs/Turret.prefab using Guid(8e099f0dcf5affe468105faa2a26a668) Importer(815301076,1909f56bfc062723c751e8b465ee728b)  -> (artifact id: '2e01087c72cac5248c08eaa9812b3fa6') in 0.139129 seconds 
  Import took 0.147269 seconds .

========================================================================
Received Import Request.
  Time since last request: 0.000432 seconds.
  path: Assets/Materials/Robot.mat
  artifactKey: Guid(5b7808566d3acb5439832f58b7b9493e) Importer(815301076,1909f56bfc062723c751e8b465ee728b)
Start importing Assets/Materials/Robot.mat using Guid(5b7808566d3acb5439832f58b7b9493e) Importer(815301076,1909f56bfc062723c751e8b465ee728b)  -> (artifact id: '24ebc20e010ffb213cf9dc7aed2a41e9') in 0.072396 seconds 
  Import took 0.090788 seconds .

========================================================================
Received Import Request.
  Time since last request: 0.000424 seconds.
  path: Assets/Materials/Robot Wrecked.mat
  artifactKey: Guid(be4f483102018e94ea3eb65d6a564dbf) Importer(815301076,1909f56bfc062723c751e8b465ee728b)
Start importing Assets/Materials/Robot Wrecked.mat using Guid(be4f483102018e94ea3eb65d6a564dbf) Importer(815301076,1909f56bfc062723c751e8b465ee728b)  -> (artifact id: 'b1a8b5dc9f03686bbcd07292e27ff30a') in 0.066604 seconds 
  Import took 0.072526 seconds .

========================================================================
Received Import Request.
  Time since last request: 0.000407 seconds.
  path: Assets/Materials/Turret.mat
  artifactKey: Guid(298d449cee174d445a9a7a3e2cc41bfa) Importer(815301076,1909f56bfc062723c751e8b465ee728b)
Start importing Assets/Materials/Turret.mat using Guid(298d449cee174d445a9a7a3e2cc41bfa) Importer(815301076,1909f56bfc062723c751e8b465ee728b)  -> (artifact id: '1525bf5d349bde0d18c1d593b92a98fe') in 0.120883 seconds 
  Import took 0.128724 seconds .

========================================================================
Received Import Request.
  Time since last request: 111.314277 seconds.
  path: Assets
  artifactKey: Guid(00000000000000001000000000000000) Importer(815301076,1909f56bfc062723c751e8b465ee728b)
Start importing Assets using Guid(00000000000000001000000000000000) Importer(815301076,1909f56bfc062723c751e8b465ee728b)  -> (artifact id: '42d402b061de3733987d63b9cc3b64de') in 0.054399 seconds 
  Import took 0.065789 seconds .

========================================================================
Received Import Request.
  Time since last request: 9.421843 seconds.
  path: Assets/Model
  artifactKey: Guid(979695e93e1feb943a74ec31df8f4155) Importer(815301076,1909f56bfc062723c751e8b465ee728b)
Start importing Assets/Model using Guid(979695e93e1feb943a74ec31df8f4155) Importer(815301076,1909f56bfc062723c751e8b465ee728b)  -> (artifact id: '40254bd9517acb76de84f3e918aa31a2') in 0.079110 seconds 
  Import took 0.094052 seconds .

========================================================================
Received Import Request.
  Time since last request: 10.960680 seconds.
  path: Assets/Model/Ch43_nonPBR@Brooklyn Uprock.fbx
  artifactKey: Guid(db09b56144e7967458303356dcbe70b7) Importer(815301076,1909f56bfc062723c751e8b465ee728b)
Start importing Assets/Model/Ch43_nonPBR@Brooklyn Uprock.fbx using Guid(db09b56144e7967458303356dcbe70b7) Importer(815301076,1909f56bfc062723c751e8b465ee728b)  -> (artifact id: '4f41fc663aefc794886f80bf4c288771') in 1.256542 seconds 
  Import took 1.262406 seconds .

========================================================================
Received Import Request.
  Time since last request: 0.000453 seconds.
  path: Assets/Model/Ch43_nonPBR@Dancing Twerk.fbx
  artifactKey: Guid(1a29b12b9e617a84abb3656c9426aa53) Importer(815301076,1909f56bfc062723c751e8b465ee728b)
Start importing Assets/Model/Ch43_nonPBR@Dancing Twerk.fbx using Guid(1a29b12b9e617a84abb3656c9426aa53) Importer(815301076,1909f56bfc062723c751e8b465ee728b)  -> (artifact id: 'f72735d0e779cea969456293e9566753') in 0.156881 seconds 
  Import took 0.161405 seconds .

========================================================================
Received Import Request.
  Time since last request: 25.372827 seconds.
  path: Assets/Model/Ch43_nonPBR@Dancing Twerk.fbx
  artifactKey: Guid(1a29b12b9e617a84abb3656c9426aa53) Importer(815301076,1909f56bfc062723c751e8b465ee728b)
Start importing Assets/Model/Ch43_nonPBR@Dancing Twerk.fbx using Guid(1a29b12b9e617a84abb3656c9426aa53) Importer(815301076,1909f56bfc062723c751e8b465ee728b)  -> (artifact id: '33629e9f09a3b680f02b8f745ac053e4') in 0.117091 seconds 
  Import took 0.124614 seconds .

========================================================================
Received Import Request.
  Time since last request: 8.007742 seconds.
  path: Assets/Model/Ch43_nonPBR@Brooklyn Uprock.fbx
  artifactKey: Guid(db09b56144e7967458303356dcbe70b7) Importer(815301076,1909f56bfc062723c751e8b465ee728b)
Start importing Assets/Model/Ch43_nonPBR@Brooklyn Uprock.fbx using Guid(db09b56144e7967458303356dcbe70b7) Importer(815301076,1909f56bfc062723c751e8b465ee728b)  -> (artifact id: '0ae258a909785d73ce268e5b0b64bd0f') in 0.178101 seconds 
  Import took 0.191183 seconds .

========================================================================
Received Import Request.
  Time since last request: 50.998132 seconds.
  path: Assets/Model/Textures
  artifactKey: Guid(3f3e295e311ea124299af59928edd004) Importer(815301076,1909f56bfc062723c751e8b465ee728b)
Start importing Assets/Model/Textures using Guid(3f3e295e311ea124299af59928edd004) Importer(815301076,1909f56bfc062723c751e8b465ee728b)  -> (artifact id: '1f03760dd874d795427db447473acf47') in 0.035964 seconds 
  Import took 0.043119 seconds .

========================================================================
Received Import Request.
  Time since last request: 12.770995 seconds.
  path: Assets/Model/Materials
  artifactKey: Guid(f56f0e0cda238c94db8dd4bd220cd1cb) Importer(815301076,1909f56bfc062723c751e8b465ee728b)
Start importing Assets/Model/Materials using Guid(f56f0e0cda238c94db8dd4bd220cd1cb) Importer(815301076,1909f56bfc062723c751e8b465ee728b)  -> (artifact id: 'd2891f923e08c95376613f66ae5b45f0') in 0.017707 seconds 
  Import took 0.030623 seconds .

========================================================================
Received Import Request.
  Time since last request: 17.221016 seconds.
  path: Assets/Model/Ch43_nonPBR@Dancing Twerk.fbx
  artifactKey: Guid(1a29b12b9e617a84abb3656c9426aa53) Importer(815301076,1909f56bfc062723c751e8b465ee728b)
Start importing Assets/Model/Ch43_nonPBR@Dancing Twerk.fbx using Guid(1a29b12b9e617a84abb3656c9426aa53) Importer(815301076,1909f56bfc062723c751e8b465ee728b)  -> (artifact id: '3314d6a1bb19bbbad7bca75eb29776d8') in 0.390158 seconds 
  Import took 0.400010 seconds .

========================================================================
Received Import Request.
  Time since last request: 0.000403 seconds.
  path: Assets/Model/Ch43_nonPBR@Brooklyn Uprock.fbx
  artifactKey: Guid(db09b56144e7967458303356dcbe70b7) Importer(815301076,1909f56bfc062723c751e8b465ee728b)
Start importing Assets/Model/Ch43_nonPBR@Brooklyn Uprock.fbx using Guid(db09b56144e7967458303356dcbe70b7) Importer(815301076,1909f56bfc062723c751e8b465ee728b)  -> (artifact id: 'b7342838fab190b73a7cd1c7eb7d24ce') in 0.202051 seconds 
  Import took 0.210422 seconds .

========================================================================
Received Import Request.
  Time since last request: 10.640494 seconds.
  path: Assets/Model/Ch43_nonPBR@Dancing Twerk.fbx
  artifactKey: Guid(1a29b12b9e617a84abb3656c9426aa53) Importer(815301076,1909f56bfc062723c751e8b465ee728b)
Start importing Assets/Model/Ch43_nonPBR@Dancing Twerk.fbx using Guid(1a29b12b9e617a84abb3656c9426aa53) Importer(815301076,1909f56bfc062723c751e8b465ee728b)  -> (artifact id: 'b46d8cbcf70a07798e24df50a48a5bef') in 0.206269 seconds 
  Import took 0.220677 seconds .

========================================================================
Received Import Request.
  Time since last request: 27.652893 seconds.
  path: Assets/Model/Ch43_nonPBR@Brooklyn Uprock.fbx
  artifactKey: Guid(db09b56144e7967458303356dcbe70b7) Importer(815301076,1909f56bfc062723c751e8b465ee728b)
Start importing Assets/Model/Ch43_nonPBR@Brooklyn Uprock.fbx using Guid(db09b56144e7967458303356dcbe70b7) Importer(815301076,1909f56bfc062723c751e8b465ee728b)  -> (artifact id: '6f6bebb48c47ec7d0be25c4fb6312a91') in 0.130014 seconds 
  Import took 0.136769 seconds .

========================================================================
Received Import Request.
  Time since last request: 8.135797 seconds.
  path: Assets/Model/Ch43_nonPBR@Brooklyn Uprock.fbx
  artifactKey: Guid(db09b56144e7967458303356dcbe70b7) Importer(815301076,1909f56bfc062723c751e8b465ee728b)
Start importing Assets/Model/Ch43_nonPBR@Brooklyn Uprock.fbx using Guid(db09b56144e7967458303356dcbe70b7) Importer(815301076,1909f56bfc062723c751e8b465ee728b)  -> (artifact id: 'c6612f5a935a7c7a8ab6cfab5a9080d0') in 0.177836 seconds 
  Import took 0.194028 seconds .

========================================================================
Received Import Request.
  Time since last request: 50.243069 seconds.
  path: Assets/Model/New Animator Controller.controller
  artifactKey: Guid(71e531a9465763e4ba92f5ad503f2f14) Importer(815301076,1909f56bfc062723c751e8b465ee728b)
Start importing Assets/Model/New Animator Controller.controller using Guid(71e531a9465763e4ba92f5ad503f2f14) Importer(815301076,1909f56bfc062723c751e8b465ee728b)  -> (artifact id: '66daae104aedfe3185a0ebaf69ccc19d') in 0.067870 seconds 
  Import took 0.073984 seconds .

========================================================================
Received Import Request.
  Time since last request: 13.813733 seconds.
  path: Assets/Model/Tweak.controller
  artifactKey: Guid(71e531a9465763e4ba92f5ad503f2f14) Importer(815301076,1909f56bfc062723c751e8b465ee728b)
Start importing Assets/Model/Tweak.controller using Guid(71e531a9465763e4ba92f5ad503f2f14) Importer(815301076,1909f56bfc062723c751e8b465ee728b)  -> (artifact id: '02f8ba611bf982ba0c84f9529d2bc3c7') in 0.044163 seconds 
  Import took 0.055752 seconds .

========================================================================
Received Import Request.
  Time since last request: 11.474011 seconds.
  path: Assets/Model/Twerk.controller
  artifactKey: Guid(71e531a9465763e4ba92f5ad503f2f14) Importer(815301076,1909f56bfc062723c751e8b465ee728b)
Start importing Assets/Model/Twerk.controller using Guid(71e531a9465763e4ba92f5ad503f2f14) Importer(815301076,1909f56bfc062723c751e8b465ee728b)  -> (artifact id: '568445b630e3fab869b82356dace18bb') in 0.024037 seconds 
  Import took 0.035908 seconds .

========================================================================
Received Import Request.
  Time since last request: 52.512465 seconds.
  path: Assets/Model/Uprock.controller
  artifactKey: Guid(55308aa222aab7446a3b48d65799187e) Importer(815301076,1909f56bfc062723c751e8b465ee728b)
Start importing Assets/Model/Uprock.controller using Guid(55308aa222aab7446a3b48d65799187e) Importer(815301076,1909f56bfc062723c751e8b465ee728b)  -> (artifact id: '1b7443c94582708d4d2027cdb76997b2') in 0.054149 seconds 
  Import took 0.058641 seconds .

========================================================================
Received Import Request.
  Time since last request: 82.074659 seconds.
  path: Assets/Prefabs/Ch43_nonPBR@Brooklyn Uprock.prefab
  artifactKey: Guid(2860495318949c241a7da8270b4c8319) Importer(815301076,1909f56bfc062723c751e8b465ee728b)
Start importing Assets/Prefabs/Ch43_nonPBR@Brooklyn Uprock.prefab using Guid(2860495318949c241a7da8270b4c8319) Importer(815301076,1909f56bfc062723c751e8b465ee728b)  -> (artifact id: '57dabb4e09f5cb88d9c3a847e6db7500') in 0.067262 seconds 
  Import took 0.074119 seconds .

========================================================================
Received Import Request.
  Time since last request: 5.269040 seconds.
  path: Assets/Prefabs/Ch43_nonPBR@Brooklyn Uprock.prefab
  artifactKey: Guid(2860495318949c241a7da8270b4c8319) Importer(815301076,1909f56bfc062723c751e8b465ee728b)
Start importing Assets/Prefabs/Ch43_nonPBR@Brooklyn Uprock.prefab using Guid(2860495318949c241a7da8270b4c8319) Importer(815301076,1909f56bfc062723c751e8b465ee728b) The Animator Controller (Uprock) you have used is not valid. Animations will not play
UnityEngine.StackTraceUtility:ExtractStackTrace ()
UnityEditor.EditorUtility:Internal_InstantiateRemoveAllNonAnimationComponentsSingle (UnityEngine.Object,UnityEngine.Vector3,UnityEngine.Quaternion)
UnityEditor.EditorUtility:InstantiateRemoveAllNonAnimationComponents (UnityEngine.Object,UnityEngine.Vector3,UnityEngine.Quaternion)
UnityEditor.EditorUtility:InstantiateForAnimatorPreview (UnityEngine.Object)
UnityEditor.GameObjectInspector/PreviewData:UpdateGameObject (UnityEngine.Object)
UnityEditor.GameObjectInspector/PreviewData:.ctor (UnityEngine.Object)
UnityEditor.GameObjectInspector:GetPreviewData ()
UnityEditor.GameObjectInspector:RenderStaticPreview (string,UnityEngine.Object[],int,int)
UnityEditor.AssetPreviewUpdater:CreatePreviewForAsset (UnityEngine.Object,UnityEngine.Object[],string)

[C:\buildslave\unity\build\Modules/Animation/Director/AnimatorControllerPlayable.cpp line 333]

The Animator Controller (Uprock) you have used is not valid. Animations will not play
UnityEngine.StackTraceUtility:ExtractStackTrace ()
UnityEditor.EditorUtility:InitInstantiatedPreviewRecursive (UnityEngine.GameObject)
UnityEditor.EditorUtility:InstantiateForAnimatorPreview (UnityEngine.Object)
UnityEditor.GameObjectInspector/PreviewData:UpdateGameObject (UnityEngine.Object)
UnityEditor.GameObjectInspector/PreviewData:.ctor (UnityEngine.Object)
UnityEditor.GameObjectInspector:GetPreviewData ()
UnityEditor.GameObjectInspector:RenderStaticPreview (string,UnityEngine.Object[],int,int)
UnityEditor.AssetPreviewUpdater:CreatePreviewForAsset (UnityEngine.Object,UnityEngine.Object[],string)

[C:\buildslave\unity\build\Modules/Animation/Director/AnimatorControllerPlayable.cpp line 333]

 -> (artifact id: '097f9b332b1d7ad65056d03768571810') in 0.111375 seconds 
  Import took 0.122896 seconds .

========================================================================
Received Import Request.
  Time since last request: 36.987423 seconds.
  path: Assets/Model/Ch43_nonPBR@Brooklyn Uprock.fbx
  artifactKey: Guid(db09b56144e7967458303356dcbe70b7) Importer(815301076,1909f56bfc062723c751e8b465ee728b)
Start importing Assets/Model/Ch43_nonPBR@Brooklyn Uprock.fbx using Guid(db09b56144e7967458303356dcbe70b7) Importer(815301076,1909f56bfc062723c751e8b465ee728b)  -> (artifact id: '5bbe92c74fa602da8e6792e7a235a537') in 0.172444 seconds 
  Import took 0.203440 seconds .

========================================================================
Received Import Request.
  Time since last request: 6.367540 seconds.
  path: Assets/Model/Ch43_nonPBR@Dancing Twerk.fbx
  artifactKey: Guid(1a29b12b9e617a84abb3656c9426aa53) Importer(815301076,1909f56bfc062723c751e8b465ee728b)
Start importing Assets/Model/Ch43_nonPBR@Dancing Twerk.fbx using Guid(1a29b12b9e617a84abb3656c9426aa53) Importer(815301076,1909f56bfc062723c751e8b465ee728b)  -> (artifact id: 'e1a2fe163ab92150f8b749afaea4bc5d') in 0.207124 seconds 
  Import took 0.220966 seconds .

========================================================================
Received Import Request.
  Time since last request: 35.999569 seconds.
  path: Assets/Prefabs/Uprock_Prefabs.prefab
  artifactKey: Guid(2860495318949c241a7da8270b4c8319) Importer(815301076,1909f56bfc062723c751e8b465ee728b)
Start importing Assets/Prefabs/Uprock_Prefabs.prefab using Guid(2860495318949c241a7da8270b4c8319) Importer(815301076,1909f56bfc062723c751e8b465ee728b) The Animator Controller (Uprock) you have used is not valid. Animations will not play
UnityEngine.StackTraceUtility:ExtractStackTrace ()
UnityEditor.EditorUtility:Internal_InstantiateRemoveAllNonAnimationComponentsSingle (UnityEngine.Object,UnityEngine.Vector3,UnityEngine.Quaternion)
UnityEditor.EditorUtility:InstantiateRemoveAllNonAnimationComponents (UnityEngine.Object,UnityEngine.Vector3,UnityEngine.Quaternion)
UnityEditor.EditorUtility:InstantiateForAnimatorPreview (UnityEngine.Object)
UnityEditor.GameObjectInspector/PreviewData:UpdateGameObject (UnityEngine.Object)
UnityEditor.GameObjectInspector/PreviewData:.ctor (UnityEngine.Object)
UnityEditor.GameObjectInspector:GetPreviewData ()
UnityEditor.GameObjectInspector:RenderStaticPreview (string,UnityEngine.Object[],int,int)
UnityEditor.AssetPreviewUpdater:CreatePreviewForAsset (UnityEngine.Object,UnityEngine.Object[],string)

[C:\buildslave\unity\build\Modules/Animation/Director/AnimatorControllerPlayable.cpp line 333]

The Animator Controller (Uprock) you have used is not valid. Animations will not play
UnityEngine.StackTraceUtility:ExtractStackTrace ()
UnityEditor.EditorUtility:InitInstantiatedPreviewRecursive (UnityEngine.GameObject)
UnityEditor.EditorUtility:InstantiateForAnimatorPreview (UnityEngine.Object)
UnityEditor.GameObjectInspector/PreviewData:UpdateGameObject (UnityEngine.Object)
UnityEditor.GameObjectInspector/PreviewData:.ctor (UnityEngine.Object)
UnityEditor.GameObjectInspector:GetPreviewData ()
UnityEditor.GameObjectInspector:RenderStaticPreview (string,UnityEngine.Object[],int,int)
UnityEditor.AssetPreviewUpdater:CreatePreviewForAsset (UnityEngine.Object,UnityEngine.Object[],string)

[C:\buildslave\unity\build\Modules/Animation/Director/AnimatorControllerPlayable.cpp line 333]

 -> (artifact id: '8e09980273225960de708153c06f5d79') in 0.084825 seconds 
  Import took 0.091771 seconds .

========================================================================
Received Prepare
Registering precompiled user dll's ...
Registered in 0.037717 seconds.
Begin MonoManager ReloadAssembly
Native extension for Lumin target not found
Native extension for LinuxStandalone target not found
Native extension for WindowsStandalone target not found
Native extension for OSXStandalone target not found
Native extension for WebGL target not found
Refreshing native plugins compatible for Editor in 0.53 ms, found 2 plugins.
Preloading 0 native plugins for Editor in 0.00 ms.
Mono: successfully reloaded assembly
- Completed reload, in  2.015 seconds
Domain Reload Profiling:
	ReloadAssembly (2016ms)
		BeginReloadAssembly (241ms)
			ExecutionOrderSort (0ms)
			DisableScriptedObjects (9ms)
			BackupInstance (0ms)
			ReleaseScriptingObjects (1ms)
			CreateAndSetChildDomain (91ms)
		EndReloadAssembly (1673ms)
			LoadAssemblies (396ms)
			RebuildTransferFunctionScriptingTraits (0ms)
			SetupTypeCache (510ms)
			ReleaseScriptCaches (1ms)
			RebuildScriptCaches (60ms)
			SetupLoadedEditorAssemblies (557ms)
				LogAssemblyErrors (0ms)
				InitializePlatformSupportModulesInManaged (14ms)
				SetLoadedEditorAssemblies (35ms)
				RefreshPlugins (1ms)
				BeforeProcessingInitializeOnLoad (157ms)
				ProcessInitializeOnLoadAttributes (322ms)
				ProcessInitializeOnLoadMethodAttributes (14ms)
				AfterProcessingInitializeOnLoad (13ms)
				EditorAssembliesLoaded (0ms)
			ExecutionOrderSort2 (0ms)
			AwakeInstancesAfterBackupRestoration (12ms)
Platform modules already initialized, skipping
Refreshing native plugins compatible for Editor in 0.51 ms, found 2 plugins.
Preloading 0 native plugins for Editor in 0.00 ms.
Unloading 1500 Unused Serialized files (Serialized files now loaded: 0)
System memory in use before: 85.0 MB.
System memory in use after: 85.1 MB.

Unloading 16 unused Assets to reduce memory usage. Loaded Objects now: 1991.
Total: 4.652600 ms (FindLiveObjects: 0.278900 ms CreateObjectMapping: 0.070200 ms MarkObjects: 4.141500 ms  DeleteObjects: 0.160300 ms)

AssetImportParameters requested are different than current active one (requested -> active):
  custom:framework-win-MediaFoundation: 216162199b28c13a410421893ffa2e32 -> 
  custom:video-decoder-ogg-theora: a1e56fd34408186e4bbccfd4996cb3dc -> 
  custom:container-muxer-webm: aa71ff27fc2769a1b78a27578f13a17b -> 
  custom:container-demuxer-webm: 4f35f7cbe854078d1ac9338744f61a02 -> 
  custom:container-demuxer-ogg: 62fdf1f143b41e24485cea50d1cbac27 -> 
  custom:video-encoder-webm-vp8: eb34c28f22e8b96e1ab97ce403110664 -> 
  custom:video-decoder-webm-vp8: 9c59270c3fd7afecdb556c50c9e8de78 -> 
  custom:audio-decoder-ogg-vorbis: bf7c407c2cedff20999df2af8eb42d56 -> 
  custom:audio-encoder-webm-vorbis: bf7c407c2cedff20999df2af8eb42d56 -> 
========================================================================
Received Prepare
Registering precompiled user dll's ...
Registered in 0.131947 seconds.
Begin MonoManager ReloadAssembly
Native extension for Lumin target not found
Native extension for LinuxStandalone target not found
Native extension for WindowsStandalone target not found
Native extension for OSXStandalone target not found
Native extension for WebGL target not found
Refreshing native plugins compatible for Editor in 45.91 ms, found 2 plugins.
Preloading 0 native plugins for Editor in 0.00 ms.
Mono: successfully reloaded assembly
- Completed reload, in 54.352 seconds
Domain Reload Profiling:
	ReloadAssembly (55750ms)
		BeginReloadAssembly (26617ms)
			ExecutionOrderSort (0ms)
			DisableScriptedObjects (3598ms)
			BackupInstance (0ms)
			ReleaseScriptingObjects (89ms)
			CreateAndSetChildDomain (17844ms)
		EndReloadAssembly (21229ms)
			LoadAssemblies (6157ms)
			RebuildTransferFunctionScriptingTraits (6ms)
			SetupTypeCache (8204ms)
			ReleaseScriptCaches (16ms)
			RebuildScriptCaches (1121ms)
			SetupLoadedEditorAssemblies (4620ms)
				LogAssemblyErrors (0ms)
				InitializePlatformSupportModulesInManaged (310ms)
				SetLoadedEditorAssemblies (35ms)
				RefreshPlugins (47ms)
				BeforeProcessingInitializeOnLoad (1348ms)
				ProcessInitializeOnLoadAttributes (2685ms)
				ProcessInitializeOnLoadMethodAttributes (90ms)
				AfterProcessingInitializeOnLoad (93ms)
				EditorAssembliesLoaded (11ms)
			ExecutionOrderSort2 (0ms)
			AwakeInstancesAfterBackupRestoration (94ms)
Platform modules already initialized, skipping
Refreshing native plugins compatible for Editor in 1.44 ms, found 2 plugins.
Preloading 0 native plugins for Editor in 0.00 ms.
Unloading 1500 Unused Serialized files (Serialized files now loaded: 0)
System memory in use before: 85.0 MB.
System memory in use after: 85.1 MB.

Unloading 14 unused Assets to reduce memory usage. Loaded Objects now: 1993.
Total: 55.699000 ms (FindLiveObjects: 15.071100 ms CreateObjectMapping: 2.443200 ms MarkObjects: 38.010800 ms  DeleteObjects: 0.161900 ms)

AssetImportParameters requested are different than current active one (requested -> active):
  custom:framework-win-MediaFoundation: 216162199b28c13a410421893ffa2e32 -> 
  custom:video-decoder-ogg-theora: a1e56fd34408186e4bbccfd4996cb3dc -> 
  custom:container-muxer-webm: aa71ff27fc2769a1b78a27578f13a17b -> 
  custom:container-demuxer-webm: 4f35f7cbe854078d1ac9338744f61a02 -> 
  custom:container-demuxer-ogg: 62fdf1f143b41e24485cea50d1cbac27 -> 
  custom:video-encoder-webm-vp8: eb34c28f22e8b96e1ab97ce403110664 -> 
  custom:video-decoder-webm-vp8: 9c59270c3fd7afecdb556c50c9e8de78 -> 
  custom:audio-decoder-ogg-vorbis: bf7c407c2cedff20999df2af8eb42d56 -> 
  custom:audio-encoder-webm-vorbis: bf7c407c2cedff20999df2af8eb42d56 -> 
